
     Program GIPAW v.6.4.1 starts on 18Jul2019 at 16:25:50 

     This program is part of the open-source Quantum ESPRESSO suite
     for quantum simulation of materials; please cite
         "P. Giannozzi et al., J. Phys.:Condens. Matter 21 395502 (2009);
         "P. Giannozzi et al., J. Phys.:Condens. Matter 29 465901 (2017);
          URL http://www.quantum-espresso.org", 
     in publications or presentations arising from this work. More details at
     http://www.quantum-espresso.org/quote

     Parallel version (MPI), running on     2 processors

     MPI processes distributed on     1 nodes
     R & G space division:  proc/nbgrp/npool/nimage =       2
 
     ***** This is GIPAW git revision                                          *****
     ***** you can cite: N. Varini et al., Comp. Phys. Comm. 184, 1827 (2013)  *****
     ***** in publications or presentations arising from this work.            *****
 
     Parallelizing q-star over 1 images

     Reading data from directory:
     ./outdir/TMS.save/

     IMPORTANT: XC functional enforced from input :
     Exchange-correlation      = PBE ( 1  4  3  4 0 0)
     Any further DFT definition will be discarded
     Please, verify this is what you really want

 
     Parallelization info
     --------------------
     sticks:   dense  smooth     PW     G-vecs:    dense   smooth      PW
     Min        5724    5724   1434               461164   461164   57656
     Max        5725    5725   1435               461165   461165   57657
     Sum       11449   11449   2869               922329   922329  115313
 

     Subspace diagonalization in iterative solution of the eigenvalue problem:
     a serial algorithm will be used

     GIPAW projectors -----------------------------------------------
     atom=  H    l=0  rc=    1.2000  rs=    0.8000
     atom=  H    l=0  rc=    1.2000  rs=    0.8000
     projs nearly linearly dependent: l=0  n1,n2= 1, 2  s= -0.99707079
 
     atom=  C    l=0  rc=    1.7500  rs=    1.1667
     atom=  C    l=0  rc=    1.7500  rs=    1.1667
     atom=  C    l=1  rc=    1.7500  rs=    1.1667
     atom=  C    l=1  rc=    1.7500  rs=    1.1667
     projs nearly linearly dependent: l=1  n1,n2= 1, 2  s= -0.99430547
 
     atom=  Si   l=0  rc=    2.0000  rs=    1.3333
     atom=  Si   l=0  rc=    2.0000  rs=    1.3333
     atom=  Si   l=1  rc=    2.0000  rs=    1.3333
     atom=  Si   l=1  rc=    2.0000  rs=    1.3333
     atom=  Si   l=2  rc=    2.0000  rs=    1.3333
     atom=  Si   l=2  rc=    2.0000  rs=    1.3333
     projs nearly linearly dependent: l=1  n1,n2= 1, 2  s=  0.99854623
     projs nearly linearly dependent: l=2  n1,n2= 1, 2  s=  0.99998260
     -----------------------------------------------------------------
 
     alpha_pv=     21.3651 eV
 
     q-space interpolation up to    99.00 Rydberg
 
     GIPAW job: nmr                                                                             
     NMR macroscopic correction: no
 
     Largest allocated arrays     est. size (Mb)     dimensions
        KS wavefunctions at k          14.08 Mb     (   57656,   16)
        KS wavefunctions at k+q        14.08 Mb     (   57656,   16)
        First-order wavefunctions     140.76 Mb     (   57656,   16, 10)
        Charge/spin density             7.51 Mb     (  984375,    1)
        Induced current                67.59 Mb     (  984375,    3,3,1)
        Induced magnetic field         67.59 Mb     (  984375,    3,3,1)
        NL pseudopotentials             7.04 Mb     (   57656,    8)
        GIPAW NL terms                 65.10 Mb     (   57656,   74)
 
     Computing the magnetic susceptibility     isolve=1    ethr=  0.1000E-13
     Restarting from a previous run
     Resuming from k-point #    0   and q # -1
     k-point #    1 of     1      pool #  1    cpu time:       2.6
     Rotating WFCS
     Rotating WFCS
     Rotating WFCS
     Rotating WFCS
     Rotating WFCS
     Rotating WFCS
     Rotating WFCS
 
     End of magnetic susceptibility calculation
 
     f-sum rule (1st term):
           -32.0040          0.0001          0.0000
             0.0001        -32.0278          0.0000
             0.0001         -0.0000        -32.0285

     f-sum rule (2nd term):
             0.0000          0.0000          0.0000
             0.0000          0.0000          0.0000
             0.0000          0.0000          0.0000

     f-sum rule (should be   -32.0000):
           -32.0040          0.0001          0.0000
             0.0001        -32.0278          0.0000
             0.0001         -0.0000        -32.0285

     chi_bare pGv (HH) in paratec units:
       -15.745982      0.003212     -0.001916
         0.003260    -15.715365     -0.002229
        -0.001982     -0.002495    -15.717693

       -15.745982      0.003212     -0.001916
         0.003260    -15.715365     -0.002229
        -0.001982     -0.002495    -15.717693

     chi_bare vGv (VV) in paratec units:
       -15.571095      0.003129     -0.001952
         0.003223    -15.539216     -0.002554
        -0.001912     -0.002569    -15.541701

       -15.571095      0.003129     -0.001952
         0.003223    -15.539216     -0.002554
        -0.001912     -0.002569    -15.541701

     chi_bare pGv (HH) in 10^{-6} cm^3/mol:
           -74.8264          0.0153         -0.0091
             0.0155        -74.6809         -0.0106
            -0.0094         -0.0119        -74.6920

     chi_bare vGv (VV) in 10^{-6} cm^3/mol:
           -73.9953          0.0149         -0.0093
             0.0153        -73.8438         -0.0121
            -0.0091         -0.0122        -73.8556

     Contributions to the NMR chemical shifts: -------------------------------
 
     Macroscopic shape contribution in ppm:                    0.00
             0.0000          0.0000          0.0000
             0.0000          0.0000          0.0000
             0.0000          0.0000          0.0000

 
     Core contribution in ppm:
 
     Atom  1  Si  pos: (  0.000009 -0.000009  0.000009)  core sigma:         837.91
     Atom  2  C   pos: ( -0.087220 -0.016195 -0.153380)  core sigma:         200.33
     Atom  3  C   pos: (  0.083932  0.155997  0.004035)  core sigma:         200.33
     Atom  4  C   pos: (  0.118287 -0.131090  0.014815)  core sigma:         200.33
     Atom  5  C   pos: ( -0.115009 -0.008712  0.134511)  core sigma:         200.33
     Atom  6  H   pos: ( -0.136958 -0.106713 -0.157717)  core sigma:           0.00
     Atom  7  H   pos: ( -0.156828  0.059489 -0.163943)  core sigma:           0.00
     Atom  8  H   pos: ( -0.021807 -0.011367 -0.233268)  core sigma:           0.00
     Atom  9  H   pos: (  0.151594  0.163083 -0.073784)  core sigma:           0.00
     Atom 10  H   pos: (  0.016554  0.233929 -0.004498)  core sigma:           0.00
     Atom 11  H   pos: (  0.135512  0.167430  0.092889)  core sigma:           0.00
     Atom 12  H   pos: (  0.170321 -0.123437  0.103803)  core sigma:           0.00
     Atom 13  H   pos: (  0.071271 -0.223120  0.012661)  core sigma:           0.00
     Atom 14  H   pos: (  0.186412 -0.127755 -0.062862)  core sigma:           0.00
     Atom 15  H   pos: ( -0.066046  0.000548  0.225085)  core sigma:           0.00
     Atom 16  H   pos: ( -0.184985  0.067076  0.127679)  core sigma:           0.00
     Atom 17  H   pos: ( -0.165096 -0.099126  0.133934)  core sigma:           0.00
 
     Bare contribution in ppm:
 
     Atom  1  Si  pos: (  0.000009 -0.000009  0.000009)  bare sigma:         -17.39
           -17.3078          0.0012          0.0025
             0.0029        -17.4361         -0.0060
             0.0033         -0.0084        -17.4380

     Atom  2  C   pos: ( -0.087220 -0.016195 -0.153380)  bare sigma:          11.23
            10.7940          0.2462          2.3139
             0.2393          9.2597          0.4105
             2.3223          0.4074         13.6330

     Atom  3  C   pos: (  0.083932  0.155997  0.004035)  bare sigma:          11.22
            10.6845          2.2636          0.0722
             2.2721         13.7824          0.1093
             0.0887          0.0795          9.2060

     Atom  4  C   pos: (  0.118287 -0.131090  0.014815)  bare sigma:          11.21
            12.0499         -2.6552          0.3284
            -2.7174         12.3590         -0.3100
             0.3168         -0.3151          9.2234

     Atom  5  C   pos: ( -0.115009 -0.008712  0.134511)  bare sigma:          11.21
            11.8977          0.1626         -2.6544
             0.1779          9.1907         -0.1665
            -2.7007         -0.1992         12.5430

     Atom  6  H   pos: ( -0.136958 -0.106713 -0.157717)  bare sigma:          29.96
            29.4307          3.7542          1.3383
             3.5369         32.2447          1.2502
             1.5396          1.6059         28.1919

     Atom  7  H   pos: ( -0.156828  0.059489 -0.163943)  bare sigma:          29.96
            31.2869         -3.8623          1.9067
            -3.6368         30.1803         -1.0975
             2.1754         -1.3995         28.4176

     Atom  8  H   pos: ( -0.021807 -0.011367 -0.233268)  bare sigma:          29.97
            28.9513          0.1734         -2.6980
             0.1605         26.6328         -0.0581
            -3.1149         -0.1047         34.3241

     Atom  9  H   pos: (  0.151594  0.163083 -0.073784)  bare sigma:          29.96
            31.0048          1.6912         -3.9688
             1.9652         28.3372         -1.3903
            -3.7609         -1.0768         30.5327

     Atom 10  H   pos: (  0.016554  0.233929 -0.004498)  bare sigma:          29.97
            29.0944         -2.7948          0.3152
            -3.2133         34.1483         -0.4940
             0.3260         -0.4539         26.6552

     Atom 11  H   pos: (  0.135512  0.167430  0.092889)  bare sigma:          29.96
            29.5218          1.6419          3.6728
             1.8408         28.5014          1.9107
             3.4545          1.5535         31.8486

     Atom 12  H   pos: (  0.170321 -0.123437  0.103803)  bare sigma:          29.96
            30.2942         -0.8886          4.0914
            -1.0928         27.5574         -0.6832
             3.8064         -0.3842         32.0318

     Atom 13  H   pos: (  0.071271 -0.223120  0.012661)  bare sigma:          29.97
            28.0032          1.4390          0.0900
             1.8477         35.2835         -0.0301
             0.0809         -0.0689         26.6298

     Atom 14  H   pos: (  0.186412 -0.127755 -0.062862)  bare sigma:          29.96
            31.8868         -1.1708         -4.0977
            -1.4181         27.6201          0.6352
            -3.8090          0.3777         30.3776

     Atom 15  H   pos: ( -0.066046  0.000548  0.225085)  bare sigma:          29.97
            28.0653          0.2308          1.5755
             0.2427         26.6651          0.4917
             1.9830          0.5409         35.1814

     Atom 16  H   pos: ( -0.184985  0.067076  0.127679)  bare sigma:          29.96
            32.0015         -4.1310         -1.0022
            -3.8598         30.2599          0.2515
            -1.2731          0.5077         27.6154

     Atom 17  H   pos: ( -0.165096 -0.099126  0.133934)  bare sigma:          29.96
            30.0520          3.9496         -1.1936
             3.6655         32.1016         -0.7898
            -1.3752         -1.1000         27.7326

     Diamagnetic contribution in ppm:
 
     Atom  1  Si  pos: (  0.000009 -0.000009  0.000009)  dia sigma:           5.76
             5.7556          0.0002          0.0001
             0.0002          5.7553          0.0000
             0.0001          0.0000          5.7554

     Atom  2  C   pos: ( -0.087220 -0.016195 -0.153380)  dia sigma:           3.74
             3.7448         -0.0021         -0.0202
            -0.0021          3.7558         -0.0037
            -0.0202         -0.0037          3.7207

     Atom  3  C   pos: (  0.083932  0.155997  0.004035)  dia sigma:           3.74
             3.7456         -0.0197         -0.0005
            -0.0197          3.7194         -0.0010
            -0.0005         -0.0010          3.7561

     Atom  4  C   pos: (  0.118287 -0.131090  0.014815)  dia sigma:           3.74
             3.7352          0.0233         -0.0026
             0.0233          3.7302          0.0029
            -0.0026          0.0029          3.7559

     Atom  5  C   pos: ( -0.115009 -0.008712  0.134511)  dia sigma:           3.74
             3.7362         -0.0015          0.0233
            -0.0015          3.7560          0.0018
             0.0233          0.0018          3.7288

     Atom  6  H   pos: ( -0.136958 -0.106713 -0.157717)  dia sigma:           0.42
             0.4178          0.0000         -0.0000
             0.0000          0.4178         -0.0000
            -0.0000         -0.0000          0.4178

     Atom  7  H   pos: ( -0.156828  0.059489 -0.163943)  dia sigma:           0.42
             0.4178          0.0000         -0.0000
             0.0000          0.4178         -0.0000
            -0.0000         -0.0000          0.4178

     Atom  8  H   pos: ( -0.021807 -0.011367 -0.233268)  dia sigma:           0.42
             0.4179          0.0000         -0.0000
             0.0000          0.4179         -0.0000
            -0.0000         -0.0000          0.4179

     Atom  9  H   pos: (  0.151594  0.163083 -0.073784)  dia sigma:           0.42
             0.4179          0.0000         -0.0000
             0.0000          0.4179         -0.0000
            -0.0000         -0.0000          0.4179

     Atom 10  H   pos: (  0.016554  0.233929 -0.004498)  dia sigma:           0.42
             0.4179          0.0000         -0.0000
             0.0000          0.4179         -0.0000
            -0.0000         -0.0000          0.4179

     Atom 11  H   pos: (  0.135512  0.167430  0.092889)  dia sigma:           0.42
             0.4178          0.0000         -0.0000
             0.0000          0.4178         -0.0000
            -0.0000         -0.0000          0.4178

     Atom 12  H   pos: (  0.170321 -0.123437  0.103803)  dia sigma:           0.42
             0.4178          0.0000         -0.0000
             0.0000          0.4178         -0.0000
            -0.0000         -0.0000          0.4178

     Atom 13  H   pos: (  0.071271 -0.223120  0.012661)  dia sigma:           0.42
             0.4179          0.0000         -0.0000
             0.0000          0.4179         -0.0000
            -0.0000         -0.0000          0.4179

     Atom 14  H   pos: (  0.186412 -0.127755 -0.062862)  dia sigma:           0.42
             0.4178          0.0000         -0.0000
             0.0000          0.4178         -0.0000
            -0.0000         -0.0000          0.4178

     Atom 15  H   pos: ( -0.066046  0.000548  0.225085)  dia sigma:           0.42
             0.4178          0.0000         -0.0000
             0.0000          0.4178         -0.0000
            -0.0000         -0.0000          0.4178

     Atom 16  H   pos: ( -0.184985  0.067076  0.127679)  dia sigma:           0.42
             0.4178          0.0000         -0.0000
             0.0000          0.4178         -0.0000
            -0.0000         -0.0000          0.4178

     Atom 17  H   pos: ( -0.165096 -0.099126  0.133934)  dia sigma:           0.42
             0.4179          0.0000         -0.0000
             0.0000          0.4179         -0.0000
            -0.0000         -0.0000          0.4179

     Paramagnetic contribution in ppm:
 
     Atom  1  Si  pos: (  0.000009 -0.000009  0.000009)  para sigma:        -505.89
          -504.5758          0.1023          0.0960
             0.0340       -506.5818         -0.0551
             0.0441         -0.1550       -506.5244

     Atom  2  C   pos: ( -0.087220 -0.016195 -0.153380)  para sigma:         -37.87
           -38.0619          0.1135          1.0796
             0.1112        -38.7563          0.1929
             1.0793          0.1891        -36.7824

     Atom  3  C   pos: (  0.083932  0.155997  0.004035)  para sigma:         -37.87
           -38.1103          1.0562          0.0347
             1.0552        -36.7145          0.0517
             0.0428          0.0355        -38.7799

     Atom  4  C   pos: (  0.118287 -0.131090  0.014815)  para sigma:         -37.88
           -37.5007         -1.2377          0.1533
            -1.2705        -37.3645         -0.1437
             0.1483         -0.1470        -38.7759

     Atom  5  C   pos: ( -0.115009 -0.008712  0.134511)  para sigma:         -37.88
           -37.5685          0.0760         -1.2380
             0.0832        -38.7902         -0.0751
            -1.2615         -0.0940        -37.2806

     Atom  6  H   pos: ( -0.136958 -0.106713 -0.157717)  para sigma:           0.00
             0.0000          0.0000          0.0000
             0.0000          0.0000          0.0000
             0.0000          0.0000          0.0000

     Atom  7  H   pos: ( -0.156828  0.059489 -0.163943)  para sigma:           0.00
             0.0000          0.0000          0.0000
             0.0000          0.0000          0.0000
             0.0000          0.0000          0.0000

     Atom  8  H   pos: ( -0.021807 -0.011367 -0.233268)  para sigma:           0.00
             0.0000          0.0000          0.0000
             0.0000          0.0000          0.0000
             0.0000          0.0000          0.0000

     Atom  9  H   pos: (  0.151594  0.163083 -0.073784)  para sigma:           0.00
             0.0000          0.0000          0.0000
             0.0000          0.0000          0.0000
             0.0000          0.0000          0.0000

     Atom 10  H   pos: (  0.016554  0.233929 -0.004498)  para sigma:           0.00
             0.0000          0.0000          0.0000
             0.0000          0.0000          0.0000
             0.0000          0.0000          0.0000

     Atom 11  H   pos: (  0.135512  0.167430  0.092889)  para sigma:           0.00
             0.0000          0.0000          0.0000
             0.0000          0.0000          0.0000
             0.0000          0.0000          0.0000

     Atom 12  H   pos: (  0.170321 -0.123437  0.103803)  para sigma:           0.00
             0.0000          0.0000          0.0000
             0.0000          0.0000          0.0000
             0.0000          0.0000          0.0000

     Atom 13  H   pos: (  0.071271 -0.223120  0.012661)  para sigma:           0.00
             0.0000          0.0000          0.0000
             0.0000          0.0000          0.0000
             0.0000          0.0000          0.0000

     Atom 14  H   pos: (  0.186412 -0.127755 -0.062862)  para sigma:           0.00
             0.0000          0.0000          0.0000
             0.0000          0.0000          0.0000
             0.0000          0.0000          0.0000

     Atom 15  H   pos: ( -0.066046  0.000548  0.225085)  para sigma:           0.00
             0.0000          0.0000          0.0000
             0.0000          0.0000          0.0000
             0.0000          0.0000          0.0000

     Atom 16  H   pos: ( -0.184985  0.067076  0.127679)  para sigma:           0.00
             0.0000          0.0000          0.0000
             0.0000          0.0000          0.0000
             0.0000          0.0000          0.0000

     Atom 17  H   pos: ( -0.165096 -0.099126  0.133934)  para sigma:           0.00
             0.0000          0.0000          0.0000
             0.0000          0.0000          0.0000
             0.0000          0.0000          0.0000

 
     Total NMR chemical shifts in ppm: ---------------------------------------
     (adopting the Simpson convention for anisotropy and asymmetry)-----------
 
     Atom  1  Si  pos: (  0.000009 -0.000009  0.000009)  Total sigma:         320.38
           321.7846          0.1037          0.0986
             0.0371        319.6500         -0.0611
             0.0475         -0.1633        319.7056

     Si   1    anisotropy:      2.11    eta:   -0.1672
     Si   1    sigma_11=    319.79    axis=(  0.006941  0.618619 -0.785660)
     Si   1    sigma_22=    319.56    axis=(  0.045081 -0.785074 -0.617759)
     Si   1    sigma_33=    321.79    axis=( -0.998959 -0.031131 -0.033337)
 
     Atom  2  C   pos: ( -0.087220 -0.016195 -0.153380)  Total sigma:         177.44
           176.8096          0.3576          3.3733
             0.3484        174.5919          0.5996
             3.3814          0.5928        180.9040

     C    2    anisotropy:      8.14    eta:   -0.0690
     C    2    sigma_11=    174.91    axis=(  0.868907  0.039686 -0.493381)
     C    2    sigma_22=    174.53    axis=(  0.075626 -0.995722  0.053094)
     C    2    sigma_33=    182.86    axis=(  0.489163  0.083447  0.868191)
 
     Atom  3  C   pos: (  0.083932  0.155997  0.004035)  Total sigma:         177.43
           176.6525          3.3000          0.1064
             3.3077        181.1201          0.1600
             0.1310          0.1141        174.5149

     C    3    anisotropy:      8.17    eta:   -0.0726
     C    3    sigma_11=    174.90    axis=(  0.877429 -0.468501  0.103084)
     C    3    sigma_22=    174.51    axis=( -0.100917  0.029807  0.994448)
     C    3    sigma_33=    182.88    axis=(  0.468972  0.882960  0.021126)
 
     Atom  4  C   pos: (  0.118287 -0.131090  0.014815)  Total sigma:         177.40
           178.6170         -3.8695          0.4791
            -3.9645        179.0574         -0.4508
             0.4624         -0.4592        174.5361

     C    4    anisotropy:      8.11    eta:   -0.0802
     C    4    sigma_11=    174.92    axis=( -0.721118 -0.689491 -0.067757)
     C    4    sigma_22=    174.48    axis=( -0.103391  0.010394  0.994586)
     C    4    sigma_33=    182.81    axis=(  0.685054 -0.724220  0.078782)
 
     Atom  5  C   pos: ( -0.115009 -0.008712  0.134511)  Total sigma:         177.40
           178.3981          0.2371         -3.8691
             0.2596        174.4892         -0.2399
            -3.9389         -0.2915        179.3239

     C    5    anisotropy:      8.11    eta:   -0.0845
     C    5    sigma_11=    174.93    axis=(  0.746808  0.020109  0.664735)
     C    5    sigma_22=    174.47    axis=(  0.044041 -0.998844 -0.019262)
     C    5    sigma_33=    182.81    axis=( -0.663580 -0.043660  0.746830)
 
     Atom  6  H   pos: ( -0.136958 -0.106713 -0.157717)  Total sigma:          30.37
            29.8485          3.7542          1.3383
             3.5369         32.6625          1.2502
             1.5396          1.6059         28.6097

     H    6    anisotropy:      8.02    eta:   -0.1897
     H    6    sigma_11=     28.21    axis=( -0.178624  0.429802 -0.885078)
     H    6    sigma_22=     27.19    axis=(  0.812685 -0.442640 -0.378964)
     H    6    sigma_33=     35.72    axis=(  0.554650  0.786982  0.270227)
 
     Atom  7  H   pos: ( -0.156828  0.059489 -0.163943)  Total sigma:          30.38
            31.7048         -3.8623          1.9067
            -3.6368         30.5982         -1.0975
             2.1754         -1.3995         28.8355

     H    7    anisotropy:      8.06    eta:   -0.1852
     H    7    sigma_11=     28.19    axis=(  0.035507  0.503259  0.863406)
     H    7    sigma_22=     27.20    axis=(  0.686898  0.615236 -0.386854)
     H    7    sigma_33=     35.75    axis=(  0.725886 -0.606807  0.323842)
 
     Atom  8  H   pos: ( -0.021807 -0.011367 -0.233268)  Total sigma:          30.39
            29.3692          0.1734         -2.6980
             0.1605         27.0507         -0.0581
            -3.1149         -0.1047         34.7420

     H    8    anisotropy:      8.44    eta:   -0.1913
     H    8    sigma_11=     28.11    axis=(  0.909554  0.112480  0.400074)
     H    8    sigma_22=     27.03    axis=(  0.109342 -0.993529  0.030742)
     H    8    sigma_33=     36.02    axis=( -0.400943 -0.015783  0.915967)
 
     Atom  9  H   pos: (  0.151594  0.163083 -0.073784)  Total sigma:          30.38
            31.4227          1.6912         -3.9688
             1.9652         28.7551         -1.3903
            -3.7609         -1.0768         30.9506

     H    9    anisotropy:      8.04    eta:   -0.1902
     H    9    sigma_11=     28.20    axis=(  0.036891  0.891129  0.452248)
     H    9    sigma_22=     27.18    axis=( -0.709489  0.342060 -0.616134)
     H    9    sigma_33=     35.74    axis=( -0.703751 -0.298135  0.644865)
 
     Atom 10  H   pos: (  0.016554  0.233929 -0.004498)  Total sigma:          30.38
            29.5122         -2.7948          0.3152
            -3.2133         34.5662         -0.4940
             0.3260         -0.4539         27.0731

     H   10    anisotropy:      8.43    eta:   -0.1943
     H   10    sigma_11=     28.12    axis=( -0.900910 -0.426012 -0.082908)
     H   10    sigma_22=     27.03    axis=( -0.101897  0.021931  0.994553)
     H   10    sigma_33=     36.00    axis=(  0.421874 -0.904451  0.063167)
 
     Atom 11  H   pos: (  0.135512  0.167430  0.092889)  Total sigma:          30.38
            29.9396          1.6419          3.6728
             1.8408         28.9192          1.9107
             3.4545          1.5535         32.2664

     H   11    anisotropy:      8.02    eta:   -0.1908
     H   11    sigma_11=     28.21    axis=( -0.134121 -0.863171  0.486773)
     H   11    sigma_22=     27.19    axis=( -0.813663  0.376311  0.443105)
     H   11    sigma_33=     35.72    axis=(  0.565653  0.336639  0.752802)
 
     Atom 12  H   pos: (  0.170321 -0.123437  0.103803)  Total sigma:          30.38
            30.7120         -0.8886          4.0914
            -1.0928         27.9753         -0.6832
             3.8064         -0.3842         32.4496

     H   12    anisotropy:      8.08    eta:   -0.1705
     H   12    sigma_11=     28.15    axis=( -0.382053  0.806817  0.450645)
     H   12    sigma_22=     27.23    axis=(  0.679354  0.575787 -0.454915)
     H   12    sigma_33=     35.76    axis=(  0.626509 -0.132345  0.768096)
 
     Atom 13  H   pos: (  0.071271 -0.223120  0.012661)  Total sigma:          30.39
            28.4211          1.4390          0.0900
             1.8477         35.7014         -0.0301
             0.0809         -0.0689         27.0476

     H   13    anisotropy:      8.50    eta:   -0.1830
     H   13    sigma_11=     28.08    axis=( -0.973626  0.209228 -0.090972)
     H   13    sigma_22=     27.04    axis=( -0.088229  0.022426  0.995848)
     H   13    sigma_33=     36.06    axis=( -0.210399 -0.977610  0.003375)
 
     Atom 14  H   pos: (  0.186412 -0.127755 -0.062862)  Total sigma:          30.38
            32.3046         -1.1708         -4.0977
            -1.4181         28.0379          0.6352
            -3.8090          0.3777         30.7954

     H   14    anisotropy:      8.13    eta:   -0.1669
     H   14    sigma_11=     28.12    axis=( -0.262734  0.799696 -0.539868)
     H   14    sigma_22=     27.22    axis=( -0.587771 -0.576376 -0.567729)
     H   14    sigma_33=     35.80    axis=( -0.765177  0.168157  0.621472)
 
     Atom 15  H   pos: ( -0.066046  0.000548  0.225085)  Total sigma:          30.39
            28.4831          0.2308          1.5755
             0.2427         27.0829          0.4917
             1.9830          0.5409         35.5993

     H   15    anisotropy:      8.50    eta:   -0.1834
     H   15    sigma_11=     28.08    axis=(  0.965816  0.107729 -0.235783)
     H   15    sigma_22=     27.04    axis=(  0.119234 -0.992247  0.035051)
     H   15    sigma_33=     36.05    axis=(  0.230179  0.061966  0.971173)
 
     Atom 16  H   pos: ( -0.184985  0.067076  0.127679)  Total sigma:          30.38
            32.4193         -4.1310         -1.0022
            -3.8598         30.6777          0.2515
            -1.2731          0.5077         28.0332

     H   16    anisotropy:      8.14    eta:   -0.1704
     H   16    sigma_11=     28.13    axis=( -0.232324 -0.489005  0.840773)
     H   16    sigma_22=     27.20    axis=( -0.587459 -0.618396 -0.521995)
     H   16    sigma_33=     35.80    axis=(  0.775189 -0.615191 -0.143602)
 
     Atom 17  H   pos: ( -0.165096 -0.099126  0.133934)  Total sigma:          30.38
            30.4698          3.9496         -1.1936
             3.6655         32.5194         -0.7898
            -1.3752         -1.1000         28.1504

     H   17    anisotropy:      8.05    eta:   -0.1712
     H   17    sigma_11=     28.16    axis=(  0.362269 -0.488042 -0.794088)
     H   17    sigma_22=     27.24    axis=( -0.709255  0.408426 -0.574583)
     H   17    sigma_33=     35.75    axis=(  0.604747  0.771364 -0.198186)
 
     Initialization:
     gipaw_setup  :      0.32s CPU      0.33s WALL (       1 calls)
 
     Linear response
     greenf       :    598.05s CPU    601.39s WALL (      21 calls)
     cgsolve      :    595.67s CPU    598.98s WALL (      21 calls)
     ch_psi       :    569.60s CPU    572.41s WALL (     441 calls)
     h_psiq       :    531.97s CPU    534.35s WALL (     441 calls)
 
     Apply operators
     h_psi        :   1216.43s CPU   1221.55s WALL (    9248 calls)
     apply_vel    :      4.78s CPU      4.95s WALL (      21 calls)
 
     Induced current
     j_para       :    122.91s CPU    123.79s WALL (      12 calls)
     biot_savart  :      1.47s CPU      1.53s WALL (       1 calls)
 
     Other routines
 
     General routines
     calbec       :     31.31s CPU     31.55s WALL (   19017 calls)
     fft          :      1.97s CPU      2.02s WALL (      30 calls)
     fftw         :   1116.10s CPU   1120.81s WALL (   34540 calls)
     davcio       :      0.02s CPU      0.10s WALL (      16 calls)
 
     Parallel routines
 
     Plugins
 
 
     GIPAW        :  25m57.19s CPU  26m 6.24s WALL

 
   This run was terminated on:  16:51:57  18Jul2019            

=------------------------------------------------------------------------------=
   JOB DONE.
=------------------------------------------------------------------------------=
