 Warning: Only a single CPU will be used!

     Program TDDFPT_PP v.6.4.1 starts on 11Jul2019 at  8:28:57 

     This program is part of the open-source Quantum ESPRESSO suite
     for quantum simulation of materials; please cite
         "P. Giannozzi et al., J. Phys.:Condens. Matter 21 395502 (2009);
         "P. Giannozzi et al., J. Phys.:Condens. Matter 29 465901 (2017);
          URL http://www.quantum-espresso.org", 
     in publications or presentations arising from this work. More details at
     http://www.quantum-espresso.org/quote

     Parallel version (MPI), running on     2 processors

     MPI processes distributed on     1 nodes
     R & G space division:  proc/nbgrp/npool/nimage =       2

     Reading    500 Lanczos steps for direction 1
        500 steps will be considered


     Reading    500 Lanczos steps for direction 2
        500 steps will be considered


     Reading    500 Lanczos steps for direction 3
        500 steps will be considered


     Polarization direction:1
     Lanczos coefficients:
     Average =    20.76227827
     Average oscillation amplitude =     0.26285957

     Polarization direction:2
     Lanczos coefficients:
     Average =    20.76195433
     Average oscillation amplitude =     0.26203094

     Polarization direction:3
     Lanczos coefficients:
     Average =    20.76112019
     Average oscillation amplitude =     0.21929763

     Data ready, starting to calculate observables...

     Broadening =      0.01000000 Ry

     Output file name: C6H6.plot_chi.dat   

     Output file name for the oscillator strength S  C6H6.plot_S.dat     

     chi_i_j: dipole polarizability tensor  in units of e^2*a_0^2/energy

     S: oscillator strength in units of 1/energy

     S(\hbar \omega) = 2m/( 3 \pi e^2 \hbar)  \omega sum_j chi_j_j

     S(\hbar \omega) satisfies the f-sum rule:  \int_0^\infty dE S(E) = N_el 

     Functions are reported in \hbar.\omega  Energy unit is (eV)
 
     TDDFPT_PP    :     24.67s CPU     25.12s WALL

 
   This run was terminated on:   8:29:22  11Jul2019            

=------------------------------------------------------------------------------=
   JOB DONE.
=------------------------------------------------------------------------------=
